START, 0x8000, 0, 0x0000
MAINL, 0x8154, 0, 0x0000
PROMT, 0x800d, 0, 0x0000
HLMSG, 0x8011, 0, 0x0000
LDMSG, 0x8024, 0, 0x0000
cmd_str_table, 0x803f, 0, 0x0000
hello_string, 0x8047, 0, 0x0000
load_string, 0x804d, 0, 0x0000
cmd_ptr_table, 0x8043, 0, 0x0000
HLOCM, 0x80c3, 0, 0x0000
LODCM, 0x80d1, 0, 0x0000
DOSPI, 0x8052, 0, 0x0000
WFLO, 0x8057, 0, 0x0000
SETOB, 0x805e, 0, 0x0000
WFHI, 0x8071, 0, 0x0000
CLRB, 0x8087, 0, 0x0000
CHKDN, 0x808b, 0, 0x0000
SPIDN, 0x809c, 0, 0x0000
OUTCH, 0x809e, 0, 0x0000
OCHDN, 0x80ab, 0, 0x0000
PRNTS, 0x80ad, 0, 0x0000
PRTOP, 0x80b6, 0, 0x0000
PRDN, 0x80c1, 0, 0x0000
STCMP, 0x80df, 0, 0x0000
SCTOP, 0x80ed, 0, 0x0000
SCFL, 0x80fa, 0, 0x0000
SCDN, 0x80fb, 0, 0x0000
PARSE, 0x80fd, 0, 0x0000
CHECK, 0x8112, 0, 0x0000
PRSDN, 0x8151, 0, 0x0000
CMPLP, 0x811e, 0, 0x0000
PRPMT, 0x8140, 0, 0x0000
CONSL, 0x8168, 0, 0x0000
FLSHL, 0x8176, 0, 0x0000
ENDFL, 0x8187, 0, 0x0000
SKPAD, 0x8197, 0, 0x0000
CDEND, 0x819a, 0, 0x0000
