START, 0x8000, 0, 0x0000
MAINL, 0x8304, 0, 0x0000
asm_init_base, 0x800d, 0, 0x0000
PROMT, 0x8010, 0, 0x0000
LDMSG, 0x8014, 0, 0x0000
ERRMSG, 0x8018, 0, 0x0000
OKMSG, 0x801c, 0, 0x0000
ENDLN, 0x801f, 0, 0x0000
cmd_str_table, 0x8021, 0, 0x0000
load_string, 0x8031, 0, 0x0000
ex_string, 0x8036, 0, 0x0000
st_string, 0x803b, 0, 0x0000
ab_string, 0x8040, 0, 0x0000
cmd_ptr_table, 0x8029, 0, 0x0000
LODCM, 0x8221, 0, 0x0000
EXACM, 0x819f, 0, 0x0000
STOCM, 0x813d, 0, 0x0000
ABSCM, 0x81f2, 0, 0x0000
int_str, 0x8046, 0, 0x0000
OUTCH, 0x8051, 0, 0x0000
PRNTS, 0x8055, 0, 0x0000
PRTOP, 0x805e, 0, 0x0000
PRDN, 0x8069, 0, 0x0000
PRSHX, 0x806b, 0, 0x0000
PXFAL, 0x8089, 0, 0x0000
PXEND, 0x808b, 0, 0x0000
PRSBT, 0x808d, 0, 0x0000
PBEND, 0x80ac, 0, 0x0000
PRSAD, 0x80af, 0, 0x0000
PAEP4, 0x80e6, 0, 0x0000
ADDW, 0x811b, 0, 0x0000
PAEP3, 0x80e7, 0, 0x0000
NB2HX, 0x80eb, 0, 0x0000
NHEND, 0x80f6, 0, 0x0000
PRTBT, 0x80f7, 0, 0x0000
PNTLN, 0x810c, 0, 0x0000
ADDL, 0x8129, 0, 0x0000
SKPWH, 0x81ce, 0, 0x0000
STEP5, 0x8190, 0, 0x0000
STEP2, 0x8193, 0, 0x0000
tstbk, 0x817b, 0, 0x0000
STEND, 0x8196, 0, 0x0000
SFALB, 0x8195, 0, 0x0000
EXFAL, 0x81c7, 0, 0x0000
EXEND, 0x81c8, 0, 0x0000
SWTOP, 0x81cf, 0, 0x0000
SWEXI, 0x81f0, 0, 0x0000
ABDSP, 0x821a, 0, 0x0000
ABFAL, 0x821a, 0, 0x0000
ABDN, 0x821b, 0, 0x0000
RDCHR, 0x8287, 0, 0x0000
GBYTE, 0x8233, 0, 0x0000
LODDN, 0x8247, 0, 0x0000
STCMP, 0x8252, 0, 0x0000
SCTOP, 0x8260, 0, 0x0000
CBLK, 0x826d, 0, 0x0000
SCDN, 0x8285, 0, 0x0000
CSWP, 0x827b, 0, 0x0000
SCFL, 0x8284, 0, 0x0000
PARSE, 0x8292, 0, 0x0000
CHECK, 0x82aa, 0, 0x0000
PRSDN, 0x8301, 0, 0x0000
CMPLP, 0x82b6, 0, 0x0000
RESER, 0x82df, 0, 0x0000
RESOK, 0x82e6, 0, 0x0000
PRPMT, 0x82eb, 0, 0x0000
NXTAB, 0x8310, 0, 0x0000
CKCHR, 0x8326, 0, 0x0000
SKPAD, 0x8336, 0, 0x0000
IRQH, 0x8338, 0, 0x0000
CDEND, 0x8339, 0, 0x0000
