  XR88C681.cpp
  system_controller_cpld.cpp
  rom_device.cpp
c:\users\424576\documents\816\rom_device.cpp(7): warning C4996: 'fopen': This function or variable may be unsafe. Consider using fopen_s instead. To disable deprecation, use _CRT_SECURE_NO_WARNINGS. See online help for details.
  c:\program files (x86)\windows kits\10\include\10.0.16299.0\ucrt\stdio.h(207): note: see declaration of 'fopen'
  ResponseRange.cpp
  ram_device.cpp
  main.cpp
c:\users\424576\documents\816\main.cpp(153): warning C4018: '>=': signed/unsigned mismatch
c:\users\424576\documents\816\main.cpp(169): warning C4018: '<': signed/unsigned mismatch
c:\users\424576\documents\816\main.cpp(184): warning C4018: '<': signed/unsigned mismatch
c:\users\424576\documents\816\main.cpp(241): warning C4473: 'printf' : not enough arguments passed for format string
  c:\users\424576\documents\816\main.cpp(241): note: placeholders and their parameters expect 1 variadic arguments, but 0 were provided
  c:\users\424576\documents\816\main.cpp(241): note: the missing variadic argument 1 is required by format string '%06X'
c:\users\424576\documents\816\main.cpp(303): warning C4996: 'fopen': This function or variable may be unsafe. Consider using fopen_s instead. To disable deprecation, use _CRT_SECURE_NO_WARNINGS. See online help for details.
  c:\program files (x86)\windows kits\10\include\10.0.16299.0\ucrt\stdio.h(207): note: see declaration of 'fopen'
c:\users\424576\documents\816\main.cpp(525): warning C4101: 'time_elapsed': unreferenced local variable
c:\users\424576\documents\816\main.cpp(524): warning C4101: 'clocks_elapsed': unreferenced local variable
c:\users\424576\documents\816\main.cpp(672): warning C4101: 'romfile': unreferenced local variable
  device_aggregator.cpp
  device.cpp
  Generating Code...
  lib816.lib(cpuevent.obj) : MSIL .netmodule or module compiled with /GL found; restarting link with /LTCG; add /LTCG to the link command line to improve linker performance
LINK : warning LNK4075: ignoring '/INCREMENTAL' due to '/LTCG' specification
LINK : warning LNK4098: defaultlib 'MSVCRT' conflicts with use of other libs; use /NODEFAULTLIB:library
  Generating code
  Finished generating code
  816.vcxproj -> C:\Users\424576\Documents\816\816\Debug\816.exe
